生成启动时间为 2013/11/30 14:41:28。
     1>项目“G:\郭瑞军\运行数据\VS2010\cache_v2.0\virtualmemory\virtualmemory\virtualmemory.vcxproj”在节点 2 上(build 个目标)。
     1>InitializeBuildStatus:
         正在创建“Debug\virtualmemory.unsuccessfulbuild”，因为已指定“AlwaysCreate”。
       ClCompile:
         C:\Program Files\Microsoft Visual Studio 10.0\VC\bin\CL.exe /c /ZI /nologo /W3 /WX- /Od /Oy- /D _MBCS /Gm /EHsc /RTC1 /MDd /GS /fp:precise /Zc:wchar_t /Zc:forScope /Fo"Debug\\" /Fd"Debug\vc100.pdb" /Gd /TP /analyze- /errorReport:prompt Run.cpp StoreSystem.cpp
         StoreSystem.cpp
     1>g:\郭瑞军\运行数据\vs2010\cache_v2.0\virtualmemory\virtualmemory\storesystem.cpp(4): warning C4244: “初始化”: 从“double”转换到“const int”，可能丢失数据
     1>g:\郭瑞军\运行数据\vs2010\cache_v2.0\virtualmemory\virtualmemory\storesystem.cpp(7): warning C4244: “初始化”: 从“double”转换到“const int”，可能丢失数据
         Run.cpp
         正在生成代码...
       Link:
         C:\Program Files\Microsoft Visual Studio 10.0\VC\bin\link.exe /ERRORREPORT:PROMPT /OUT:"G:\郭瑞军\运行数据\VS2010\cache_v2.0\virtualmemory\Debug\virtualmemory.exe" /NOLOGO kernel32.lib user32.lib gdi32.lib winspool.lib comdlg32.lib advapi32.lib shell32.lib ole32.lib oleaut32.lib uuid.lib odbc32.lib odbccp32.lib /MANIFEST /ManifestFile:"Debug\virtualmemory.exe.intermediate.manifest" /MANIFESTUAC:"level='asInvoker' uiAccess='false'" /DEBUG /PDB:"G:\郭瑞军\运行数据\VS2010\cache_v2.0\virtualmemory\Debug\virtualmemory.pdb" /TLBID:1 /DYNAMICBASE /NXCOMPAT /IMPLIB:"G:\郭瑞军\运行数据\VS2010\cache_v2.0\virtualmemory\Debug\virtualmemory.lib" /MACHINE:X86 Debug\Cache.obj
         Debug\Memory.obj
         Debug\PageTable.obj
         Debug\Run.obj
         Debug\StoreSystem.obj
         Debug\TLB.obj
         LINK : 没有找到 G:\郭瑞军\运行数据\VS2010\cache_v2.0\virtualmemory\Debug\virtualmemory.exe 或上一个增量链接没有生成它；正在执行完全链接
         virtualmemory.vcxproj -> G:\郭瑞军\运行数据\VS2010\cache_v2.0\virtualmemory\Debug\virtualmemory.exe
       Manifest:
         c:\Program Files\Microsoft SDKs\Windows\v7.0A\bin\mt.exe /nologo /verbose /outputresource:"G:\郭瑞军\运行数据\VS2010\cache_v2.0\virtualmemory\Debug\virtualmemory.exe;#1" /manifest Debug\virtualmemory.exe.intermediate.manifest
       FinalizeBuildStatus:
         正在删除文件“Debug\virtualmemory.unsuccessfulbuild”。
         正在对“Debug\virtualmemory.lastbuildstate”执行 Touch 任务。
     1>已完成生成项目“G:\郭瑞军\运行数据\VS2010\cache_v2.0\virtualmemory\virtualmemory\virtualmemory.vcxproj”(build 个目标)的操作。

生成成功。

已用时间 00:00:02.16
